build/app/intermediates/manifest_merge_blame_file/release/manifest-merger-blame-release-report.txt
1<?xml version="1.0" encoding="utf-8"?>
2<manifest xmlns:android="http://schemas.android.com/apk/res/android"
3    package="com.wixifynew.app"
4    android:versionCode="2"
5    android:versionName="1.2.1" >
6
7    <uses-sdk
8        android:minSdkVersion="22"
8-->src\main\AndroidManifest.xml
9        android:targetSdkVersion="33" />
9-->src\main\AndroidManifest.xml
10
11    <uses-permission android:name="android.permission.INTERNET" />
11-->src\main\AndroidManifest.xml:5:5-67
11-->src\main\AndroidManifest.xml:5:22-64
12    <uses-permission android:name="android.permission.ACCESS_WIFI_STATE" />
12-->src\main\AndroidManifest.xml:6:5-76
12-->src\main\AndroidManifest.xml:6:22-73
13    <uses-permission android:name="android.permission.ACCESS_NETWORK_STATE" />
13-->src\main\AndroidManifest.xml:7:5-79
13-->src\main\AndroidManifest.xml:7:22-76
14    <uses-permission android:name="android.permission.WRITE_EXTERNAL_STORAGE" />
14-->src\main\AndroidManifest.xml:8:5-81
14-->src\main\AndroidManifest.xml:8:22-78
15    <uses-permission android:name="android.permission.READ_EXTERNAL_STORAGE" />
15-->src\main\AndroidManifest.xml:9:5-80
15-->src\main\AndroidManifest.xml:9:22-77
16    <uses-permission android:name="android.permission.ACCESS_FINE_LOCATION" />
16-->src\main\AndroidManifest.xml:10:5-79
16-->src\main\AndroidManifest.xml:10:22-76
17    <uses-permission android:name="android.permission.ACCESS_COARSE_LOCATION" />
17-->src\main\AndroidManifest.xml:11:5-81
17-->src\main\AndroidManifest.xml:11:22-78
18
19    <uses-feature android:name="android.hardware.camera" />
19-->src\main\AndroidManifest.xml:13:5-60
19-->src\main\AndroidManifest.xml:13:19-57
20    <uses-feature android:name="android.hardware.camera.autofocus" />
20-->src\main\AndroidManifest.xml:14:5-70
20-->src\main\AndroidManifest.xml:14:19-67
21
22    <uses-permission android:name="android.permission.CAMERA" />
22-->src\main\AndroidManifest.xml:16:5-65
22-->src\main\AndroidManifest.xml:16:22-62
23    <uses-permission android:name="android.permission.RECORD_AUDIO" />
23-->src\main\AndroidManifest.xml:17:5-71
23-->src\main\AndroidManifest.xml:17:22-68
24    <uses-permission android:name="android.permission.ACCESS_NETWORK_STATE" />
24-->src\main\AndroidManifest.xml:7:5-79
24-->src\main\AndroidManifest.xml:7:22-76
25    <uses-permission android:name="android.permission.CHANGE_NETWORK_STATE" />
25-->src\main\AndroidManifest.xml:19:5-79
25-->src\main\AndroidManifest.xml:19:22-76
26    <uses-permission android:name="android.permission.MODIFY_AUDIO_SETTINGS" />
26-->src\main\AndroidManifest.xml:20:5-80
26-->src\main\AndroidManifest.xml:20:22-77
27    <uses-permission android:name="android.permission.BLUETOOTH" />
27-->src\main\AndroidManifest.xml:21:5-68
27-->src\main\AndroidManifest.xml:21:22-65
28    <uses-permission android:name="android.permission.BLUETOOTH_ADMIN" />
28-->src\main\AndroidManifest.xml:22:5-74
28-->src\main\AndroidManifest.xml:22:22-71
29    <uses-permission android:name="android.permission.VIDEO_CAPTURE" />
29-->src\main\AndroidManifest.xml:23:5-72
29-->src\main\AndroidManifest.xml:23:22-69
30    <uses-permission android:name="android.permission.AUDIO_CAPTURE" />
30-->src\main\AndroidManifest.xml:24:5-72
30-->src\main\AndroidManifest.xml:24:22-69
31    <uses-permission android:name="android.permission.WAKE_LOCK" /> <!-- Permissions options for the `notification` group -->
31-->[:firebase_messaging] AndroidManifest.xml:10:5-68
31-->[:firebase_messaging] AndroidManifest.xml:10:22-65
32    <uses-permission android:name="android.permission.POST_NOTIFICATIONS" />
32-->[:firebase_messaging] AndroidManifest.xml:13:5-77
32-->[:firebase_messaging] AndroidManifest.xml:13:22-74
33
34    <queries>
34-->[:flutter_inappwebview] AndroidManifest.xml:9:5-13:15
35        <intent>
35-->[:flutter_inappwebview] AndroidManifest.xml:10:9-12:18
36            <action android:name="android.support.customtabs.action.CustomTabsService" />
36-->[:flutter_inappwebview] AndroidManifest.xml:11:13-90
36-->[:flutter_inappwebview] AndroidManifest.xml:11:21-87
37        </intent>
38
39        <package android:name="com.facebook.katana" />
39-->[com.facebook.android:audience-network-sdk:6.13.7] AndroidManifest.xml:12:9-55
39-->[com.facebook.android:audience-network-sdk:6.13.7] AndroidManifest.xml:12:18-52
40
41        <intent>
41-->[com.google.firebase:firebase-inappmessaging-display:20.3.0] AndroidManifest.xml:13:9-17:18
42            <action android:name="android.intent.action.VIEW" />
42-->src\main\AndroidManifest.xml:48:17-69
42-->src\main\AndroidManifest.xml:48:25-66
43
44            <data android:scheme="https" />
44-->src\main\AndroidManifest.xml:52:17-55:23
44-->src\main\AndroidManifest.xml:53:21-43
45        </intent> <!-- For browser content -->
46        <intent>
46-->[com.google.android.gms:play-services-ads-lite:21.3.0] AndroidManifest.xml:31:9-37:18
47            <action android:name="android.intent.action.VIEW" />
47-->src\main\AndroidManifest.xml:48:17-69
47-->src\main\AndroidManifest.xml:48:25-66
48
49            <category android:name="android.intent.category.BROWSABLE" />
49-->src\main\AndroidManifest.xml:50:17-78
49-->src\main\AndroidManifest.xml:50:27-75
50
51            <data android:scheme="https" />
51-->src\main\AndroidManifest.xml:52:17-55:23
51-->src\main\AndroidManifest.xml:53:21-43
52        </intent>
53    </queries> <!-- Create a unique permission for your app and use it so only your app can receive your OneSignal messages. -->
54    <permission
54-->[com.onesignal:OneSignal:4.8.2] AndroidManifest.xml:7:5-9:47
55        android:name="com.wixifynew.app.permission.C2D_MESSAGE"
55-->[com.onesignal:OneSignal:4.8.2] AndroidManifest.xml:8:9-63
56        android:protectionLevel="signature" />
56-->[com.onesignal:OneSignal:4.8.2] AndroidManifest.xml:9:9-44
57
58    <uses-permission android:name="com.wixifynew.app.permission.C2D_MESSAGE" /> <!-- c2dm RECEIVE are basic requirements for push messages through Google's FCM -->
58-->[com.onesignal:OneSignal:4.8.2] AndroidManifest.xml:11:5-79
58-->[com.onesignal:OneSignal:4.8.2] AndroidManifest.xml:11:22-76
59    <uses-permission android:name="com.google.android.c2dm.permission.RECEIVE" />
59-->[com.onesignal:OneSignal:4.8.2] AndroidManifest.xml:18:5-82
59-->[com.onesignal:OneSignal:4.8.2] AndroidManifest.xml:18:22-79
60    <!--
61 Required so the device vibrates on receiving a push notification.
62         Vibration settings of the device still apply.
63    -->
64    <uses-permission android:name="android.permission.VIBRATE" />
64-->[com.onesignal:OneSignal:4.8.2] AndroidManifest.xml:24:5-66
64-->[com.onesignal:OneSignal:4.8.2] AndroidManifest.xml:24:22-63
65    <!--
66 Use to restore notifications the user hasn't interacted with.
67         They could be missed notifications if the user reboots their device if this isn't in place.
68    -->
69    <uses-permission android:name="android.permission.RECEIVE_BOOT_COMPLETED" /> <!-- START: ShortcutBadger -->
69-->[com.onesignal:OneSignal:4.8.2] AndroidManifest.xml:30:5-81
69-->[com.onesignal:OneSignal:4.8.2] AndroidManifest.xml:30:22-78
70    <!-- Samsung -->
71    <uses-permission android:name="com.sec.android.provider.badge.permission.READ" />
71-->[com.onesignal:OneSignal:4.8.2] AndroidManifest.xml:32:5-86
71-->[com.onesignal:OneSignal:4.8.2] AndroidManifest.xml:32:22-83
72    <uses-permission android:name="com.sec.android.provider.badge.permission.WRITE" /> <!-- HTC -->
72-->[com.onesignal:OneSignal:4.8.2] AndroidManifest.xml:33:5-87
72-->[com.onesignal:OneSignal:4.8.2] AndroidManifest.xml:33:22-84
73    <uses-permission android:name="com.htc.launcher.permission.READ_SETTINGS" />
73-->[com.onesignal:OneSignal:4.8.2] AndroidManifest.xml:34:5-81
73-->[com.onesignal:OneSignal:4.8.2] AndroidManifest.xml:34:22-78
74    <uses-permission android:name="com.htc.launcher.permission.UPDATE_SHORTCUT" /> <!-- Sony -->
74-->[com.onesignal:OneSignal:4.8.2] AndroidManifest.xml:35:5-83
74-->[com.onesignal:OneSignal:4.8.2] AndroidManifest.xml:35:22-80
75    <uses-permission android:name="com.sonyericsson.home.permission.BROADCAST_BADGE" />
75-->[com.onesignal:OneSignal:4.8.2] AndroidManifest.xml:36:5-88
75-->[com.onesignal:OneSignal:4.8.2] AndroidManifest.xml:36:22-85
76    <uses-permission android:name="com.sonymobile.home.permission.PROVIDER_INSERT_BADGE" /> <!-- Apex -->
76-->[com.onesignal:OneSignal:4.8.2] AndroidManifest.xml:37:5-92
76-->[com.onesignal:OneSignal:4.8.2] AndroidManifest.xml:37:22-89
77    <uses-permission android:name="com.anddoes.launcher.permission.UPDATE_COUNT" /> <!-- Solid -->
77-->[com.onesignal:OneSignal:4.8.2] AndroidManifest.xml:38:5-84
77-->[com.onesignal:OneSignal:4.8.2] AndroidManifest.xml:38:22-81
78    <uses-permission android:name="com.majeur.launcher.permission.UPDATE_BADGE" /> <!-- Huawei -->
78-->[com.onesignal:OneSignal:4.8.2] AndroidManifest.xml:39:5-83
78-->[com.onesignal:OneSignal:4.8.2] AndroidManifest.xml:39:22-80
79    <uses-permission android:name="com.huawei.android.launcher.permission.CHANGE_BADGE" />
79-->[com.onesignal:OneSignal:4.8.2] AndroidManifest.xml:40:5-91
79-->[com.onesignal:OneSignal:4.8.2] AndroidManifest.xml:40:22-88
80    <uses-permission android:name="com.huawei.android.launcher.permission.READ_SETTINGS" />
80-->[com.onesignal:OneSignal:4.8.2] AndroidManifest.xml:41:5-92
80-->[com.onesignal:OneSignal:4.8.2] AndroidManifest.xml:41:22-89
81    <uses-permission android:name="com.huawei.android.launcher.permission.WRITE_SETTINGS" /> <!-- ZUK -->
81-->[com.onesignal:OneSignal:4.8.2] AndroidManifest.xml:42:5-93
81-->[com.onesignal:OneSignal:4.8.2] AndroidManifest.xml:42:22-90
82    <uses-permission android:name="android.permission.READ_APP_BADGE" /> <!-- OPPO -->
82-->[com.onesignal:OneSignal:4.8.2] AndroidManifest.xml:43:5-73
82-->[com.onesignal:OneSignal:4.8.2] AndroidManifest.xml:43:22-70
83    <uses-permission android:name="com.oppo.launcher.permission.READ_SETTINGS" />
83-->[com.onesignal:OneSignal:4.8.2] AndroidManifest.xml:44:5-82
83-->[com.onesignal:OneSignal:4.8.2] AndroidManifest.xml:44:22-79
84    <uses-permission android:name="com.oppo.launcher.permission.WRITE_SETTINGS" /> <!-- EvMe -->
84-->[com.onesignal:OneSignal:4.8.2] AndroidManifest.xml:45:5-83
84-->[com.onesignal:OneSignal:4.8.2] AndroidManifest.xml:45:22-80
85    <uses-permission android:name="me.everything.badger.permission.BADGE_COUNT_READ" />
85-->[com.onesignal:OneSignal:4.8.2] AndroidManifest.xml:46:5-88
85-->[com.onesignal:OneSignal:4.8.2] AndroidManifest.xml:46:22-85
86    <uses-permission android:name="me.everything.badger.permission.BADGE_COUNT_WRITE" />
86-->[com.onesignal:OneSignal:4.8.2] AndroidManifest.xml:47:5-89
86-->[com.onesignal:OneSignal:4.8.2] AndroidManifest.xml:47:22-86
87    <uses-permission android:name="com.google.android.gms.permission.AD_ID" />
87-->[com.facebook.android:audience-network-sdk:6.13.7] AndroidManifest.xml:17:5-79
87-->[com.facebook.android:audience-network-sdk:6.13.7] AndroidManifest.xml:17:22-76
88    <uses-permission android:name="com.google.android.finsky.permission.BIND_GET_INSTALL_REFERRER_SERVICE" />
88-->[com.google.android.gms:play-services-measurement:21.2.0] AndroidManifest.xml:26:5-110
88-->[com.google.android.gms:play-services-measurement:21.2.0] AndroidManifest.xml:26:22-107
89    <uses-permission android:name="android.permission.FOREGROUND_SERVICE" />
89-->[androidx.work:work-runtime:2.7.0] AndroidManifest.xml:28:5-77
89-->[androidx.work:work-runtime:2.7.0] AndroidManifest.xml:28:22-74
90
91    <permission
91-->[androidx.core:core:1.9.0] AndroidManifest.xml:22:5-24:47
92        android:name="com.wixifynew.app.DYNAMIC_RECEIVER_NOT_EXPORTED_PERMISSION"
92-->[androidx.core:core:1.9.0] AndroidManifest.xml:23:9-81
93        android:protectionLevel="signature" />
93-->[androidx.core:core:1.9.0] AndroidManifest.xml:24:9-44
94
95    <uses-permission android:name="com.wixifynew.app.DYNAMIC_RECEIVER_NOT_EXPORTED_PERMISSION" />
95-->[androidx.core:core:1.9.0] AndroidManifest.xml:26:5-97
95-->[androidx.core:core:1.9.0] AndroidManifest.xml:26:22-94
96
97    <uses-feature
97-->[com.journeyapps:zxing-android-embedded:4.3.0] AndroidManifest.xml:28:5-30:36
98        android:name="android.hardware.camera.front"
98-->[com.journeyapps:zxing-android-embedded:4.3.0] AndroidManifest.xml:29:9-53
99        android:required="false" />
99-->[com.journeyapps:zxing-android-embedded:4.3.0] AndroidManifest.xml:30:9-33
100    <uses-feature
100-->[com.journeyapps:zxing-android-embedded:4.3.0] AndroidManifest.xml:36:5-38:36
101        android:name="android.hardware.camera.flash"
101-->[com.journeyapps:zxing-android-embedded:4.3.0] AndroidManifest.xml:37:9-53
102        android:required="false" />
102-->[com.journeyapps:zxing-android-embedded:4.3.0] AndroidManifest.xml:38:9-33
103    <uses-feature
103-->[com.journeyapps:zxing-android-embedded:4.3.0] AndroidManifest.xml:39:5-41:36
104        android:name="android.hardware.screen.landscape"
104-->[com.journeyapps:zxing-android-embedded:4.3.0] AndroidManifest.xml:40:9-57
105        android:required="false" />
105-->[com.journeyapps:zxing-android-embedded:4.3.0] AndroidManifest.xml:41:9-33
106    <uses-feature
106-->[com.journeyapps:zxing-android-embedded:4.3.0] AndroidManifest.xml:42:5-44:36
107        android:name="android.hardware.wifi"
107-->[com.journeyapps:zxing-android-embedded:4.3.0] AndroidManifest.xml:43:9-45
108        android:required="false" /> <!-- <uses-permission android:name="com.google.android.gms.permission.AD_ID"/> -->
108-->[com.journeyapps:zxing-android-embedded:4.3.0] AndroidManifest.xml:44:9-33
109    <application
109-->src\main\AndroidManifest.xml:27:5-91:19
110        android:appComponentFactory="androidx.core.app.CoreComponentFactory"
110-->[androidx.core:core:1.9.0] AndroidManifest.xml:28:18-86
111        android:hardwareAccelerated="true"
111-->[:facebook_audience_network] AndroidManifest.xml:9:18-52
112        android:icon="@mipmap/ic_launcher"
112-->src\main\AndroidManifest.xml:28:9-43
113        android:label="Wixify"
113-->src\main\AndroidManifest.xml:29:9-31
114        android:requestLegacyExternalStorage="true"
114-->src\main\AndroidManifest.xml:30:9-52
115        android:usesCleartextTraffic="true" >
115-->src\main\AndroidManifest.xml:31:9-44
116        <meta-data
116-->src\main\AndroidManifest.xml:34:9-36:70
117            android:name="com.google.android.gms.ads.APPLICATION_ID"
117-->src\main\AndroidManifest.xml:35:13-69
118            android:value="ca-app-pub-3940256099942544~3347511713" />
118-->src\main\AndroidManifest.xml:36:13-67
119
120        <activity
120-->src\main\AndroidManifest.xml:38:9-73:20
121            android:name="com.mighty.web.MainActivity"
121-->src\main\AndroidManifest.xml:39:13-55
122            android:configChanges="orientation|keyboardHidden|keyboard|screenSize|smallestScreenSize|locale|layoutDirection|fontScale|screenLayout|density|uiMode"
122-->src\main\AndroidManifest.xml:40:13-163
123            android:exported="true"
123-->src\main\AndroidManifest.xml:43:13-36
124            android:hardwareAccelerated="true"
124-->src\main\AndroidManifest.xml:41:13-47
125            android:launchMode="singleTop"
125-->src\main\AndroidManifest.xml:42:13-43
126            android:theme="@style/LaunchTheme"
126-->src\main\AndroidManifest.xml:44:13-47
127            android:windowSoftInputMode="adjustResize" >
127-->src\main\AndroidManifest.xml:45:13-55
128            <intent-filter>
128-->src\main\AndroidManifest.xml:47:13-56:29
129                <action android:name="android.intent.action.VIEW" />
129-->src\main\AndroidManifest.xml:48:17-69
129-->src\main\AndroidManifest.xml:48:25-66
130
131                <category android:name="android.intent.category.DEFAULT" />
131-->src\main\AndroidManifest.xml:49:17-76
131-->src\main\AndroidManifest.xml:49:27-73
132                <category android:name="android.intent.category.BROWSABLE" />
132-->src\main\AndroidManifest.xml:50:17-78
132-->src\main\AndroidManifest.xml:50:27-75
133
134                <data
134-->src\main\AndroidManifest.xml:52:17-55:23
135                    android:host="www.google.com"
135-->src\main\AndroidManifest.xml:54:21-50
136                    android:scheme="https" />
136-->src\main\AndroidManifest.xml:53:21-43
137            </intent-filter>
138
139            <meta-data
139-->src\main\AndroidManifest.xml:58:13-60:57
140                android:name="io.flutter.embedding.android.NormalTheme"
140-->src\main\AndroidManifest.xml:59:17-72
141                android:resource="@style/NormalTheme" />
141-->src\main\AndroidManifest.xml:60:17-54
142            <meta-data
142-->src\main\AndroidManifest.xml:62:13-64:66
143                android:name="io.flutter.embedding.android.SplashScreenDrawable"
143-->src\main\AndroidManifest.xml:63:17-81
144                android:resource="@drawable/launch_background" />
144-->src\main\AndroidManifest.xml:64:17-63
145
146            <intent-filter>
146-->src\main\AndroidManifest.xml:66:13-71:29
147                <action android:name="android.intent.action.MAIN" />
147-->src\main\AndroidManifest.xml:67:17-69
147-->src\main\AndroidManifest.xml:67:25-66
148                <action android:name="android.intent.action.VIEW" />
148-->src\main\AndroidManifest.xml:48:17-69
148-->src\main\AndroidManifest.xml:48:25-66
149
150                <category android:name="android.intent.category.LAUNCHER" />
150-->src\main\AndroidManifest.xml:70:17-77
150-->src\main\AndroidManifest.xml:70:27-74
151            </intent-filter>
152        </activity>
153
154        <meta-data
154-->src\main\AndroidManifest.xml:75:9-77:33
155            android:name="flutterEmbedding"
155-->src\main\AndroidManifest.xml:76:13-44
156            android:value="2" />
156-->src\main\AndroidManifest.xml:77:13-30
157
158        <provider
159            android:name="com.pichillilorenzo.flutter_inappwebview.InAppWebViewFileProvider"
159-->src\main\AndroidManifest.xml:81:13-93
160            android:authorities="com.wixifynew.app.flutter_inappwebview.fileprovider"
160-->src\main\AndroidManifest.xml:82:13-85
161            android:exported="false"
161-->src\main\AndroidManifest.xml:83:13-37
162            android:grantUriPermissions="true" >
162-->src\main\AndroidManifest.xml:84:13-47
163            <meta-data
163-->src\main\AndroidManifest.xml:85:13-87:54
164                android:name="android.support.FILE_PROVIDER_PATHS"
164-->src\main\AndroidManifest.xml:86:17-67
165                android:resource="@xml/file_paths" />
165-->src\main\AndroidManifest.xml:87:17-51
166        </provider>
167
168        <meta-data
168-->src\main\AndroidManifest.xml:89:9-91
169            android:name="com.onesignal.suppressLaunchURLs"
169-->src\main\AndroidManifest.xml:89:20-67
170            android:value="true" />
170-->src\main\AndroidManifest.xml:89:68-88
171
172        <service
172-->[:firebase_in_app_messaging] AndroidManifest.xml:10:9-14:19
173            android:name="com.google.firebase.components.ComponentDiscoveryService"
173-->[:firebase_in_app_messaging] AndroidManifest.xml:10:18-89
174            android:directBootAware="true"
174-->[com.google.firebase:firebase-common:20.3.0] AndroidManifest.xml:34:13-43
175            android:exported="false" >
175-->[com.google.firebase:firebase-iid:21.1.0] AndroidManifest.xml:31:13-37
176            <meta-data
176-->[:firebase_in_app_messaging] AndroidManifest.xml:11:13-13:85
177                android:name="com.google.firebase.components:io.flutter.plugins.firebase.inappmessaging.FlutterFirebaseAppRegistrar"
177-->[:firebase_in_app_messaging] AndroidManifest.xml:12:17-133
178                android:value="com.google.firebase.components.ComponentRegistrar" />
178-->[:firebase_in_app_messaging] AndroidManifest.xml:13:17-82
179            <meta-data
179-->[:firebase_messaging] AndroidManifest.xml:38:13-40:85
180                android:name="com.google.firebase.components:io.flutter.plugins.firebase.messaging.FlutterFirebaseAppRegistrar"
180-->[:firebase_messaging] AndroidManifest.xml:39:17-128
181                android:value="com.google.firebase.components.ComponentRegistrar" />
181-->[:firebase_messaging] AndroidManifest.xml:40:17-82
182            <meta-data
182-->[:firebase_core] AndroidManifest.xml:11:13-13:85
183                android:name="com.google.firebase.components:io.flutter.plugins.firebase.core.FlutterFirebaseCoreRegistrar"
183-->[:firebase_core] AndroidManifest.xml:12:17-124
184                android:value="com.google.firebase.components.ComponentRegistrar" />
184-->[:firebase_core] AndroidManifest.xml:13:17-82
185            <meta-data
185-->[com.google.firebase:firebase-iid:21.1.0] AndroidManifest.xml:32:13-34:85
186                android:name="com.google.firebase.components:com.google.firebase.iid.Registrar"
186-->[com.google.firebase:firebase-iid:21.1.0] AndroidManifest.xml:33:17-96
187                android:value="com.google.firebase.components.ComponentRegistrar" />
187-->[com.google.firebase:firebase-iid:21.1.0] AndroidManifest.xml:34:17-82
188            <meta-data
188-->[com.google.android.gms:play-services-measurement-api:21.2.0] AndroidManifest.xml:31:13-33:85
189                android:name="com.google.firebase.components:com.google.firebase.analytics.connector.internal.AnalyticsConnectorRegistrar"
189-->[com.google.android.gms:play-services-measurement-api:21.2.0] AndroidManifest.xml:32:17-139
190                android:value="com.google.firebase.components.ComponentRegistrar" />
190-->[com.google.android.gms:play-services-measurement-api:21.2.0] AndroidManifest.xml:33:17-82
191            <meta-data
191-->[com.google.firebase:firebase-messaging:23.1.1] AndroidManifest.xml:55:13-57:85
192                android:name="com.google.firebase.components:com.google.firebase.messaging.FirebaseMessagingRegistrar"
192-->[com.google.firebase:firebase-messaging:23.1.1] AndroidManifest.xml:56:17-119
193                android:value="com.google.firebase.components.ComponentRegistrar" />
193-->[com.google.firebase:firebase-messaging:23.1.1] AndroidManifest.xml:57:17-82
194            <meta-data
194-->[com.google.firebase:firebase-inappmessaging-display:20.3.0] AndroidManifest.xml:24:13-26:85
195                android:name="com.google.firebase.components:com.google.firebase.inappmessaging.display.FirebaseInAppMessagingDisplayRegistrar"
195-->[com.google.firebase:firebase-inappmessaging-display:20.3.0] AndroidManifest.xml:25:17-144
196                android:value="com.google.firebase.components.ComponentRegistrar" />
196-->[com.google.firebase:firebase-inappmessaging-display:20.3.0] AndroidManifest.xml:26:17-82
197            <meta-data
197-->[com.google.firebase:firebase-inappmessaging:20.3.0] AndroidManifest.xml:16:13-18:85
198                android:name="com.google.firebase.components:com.google.firebase.inappmessaging.FirebaseInAppMessagingRegistrar"
198-->[com.google.firebase:firebase-inappmessaging:20.3.0] AndroidManifest.xml:17:17-129
199                android:value="com.google.firebase.components.ComponentRegistrar" />
199-->[com.google.firebase:firebase-inappmessaging:20.3.0] AndroidManifest.xml:18:17-82
200            <meta-data
200-->[com.google.firebase:firebase-installations:17.1.2] AndroidManifest.xml:17:13-19:85
201                android:name="com.google.firebase.components:com.google.firebase.installations.FirebaseInstallationsRegistrar"
201-->[com.google.firebase:firebase-installations:17.1.2] AndroidManifest.xml:18:17-127
202                android:value="com.google.firebase.components.ComponentRegistrar" />
202-->[com.google.firebase:firebase-installations:17.1.2] AndroidManifest.xml:19:17-82
203            <meta-data
203-->[com.google.firebase:firebase-datatransport:18.1.7] AndroidManifest.xml:27:13-29:85
204                android:name="com.google.firebase.components:com.google.firebase.datatransport.TransportRegistrar"
204-->[com.google.firebase:firebase-datatransport:18.1.7] AndroidManifest.xml:28:17-115
205                android:value="com.google.firebase.components.ComponentRegistrar" />
205-->[com.google.firebase:firebase-datatransport:18.1.7] AndroidManifest.xml:29:17-82
206            <meta-data
206-->[com.google.firebase:firebase-abt:21.1.0] AndroidManifest.xml:12:13-14:85
207                android:name="com.google.firebase.components:com.google.firebase.abt.component.AbtRegistrar"
207-->[com.google.firebase:firebase-abt:21.1.0] AndroidManifest.xml:13:17-109
208                android:value="com.google.firebase.components.ComponentRegistrar" />
208-->[com.google.firebase:firebase-abt:21.1.0] AndroidManifest.xml:14:17-82
209        </service>
210        <service
210-->[:firebase_messaging] AndroidManifest.xml:16:9-19:72
211            android:name="io.flutter.plugins.firebase.messaging.FlutterFirebaseMessagingBackgroundService"
211-->[:firebase_messaging] AndroidManifest.xml:17:13-107
212            android:exported="false"
212-->[:firebase_messaging] AndroidManifest.xml:18:13-37
213            android:permission="android.permission.BIND_JOB_SERVICE" />
213-->[:firebase_messaging] AndroidManifest.xml:19:13-69
214        <service
214-->[:firebase_messaging] AndroidManifest.xml:20:9-26:19
215            android:name="io.flutter.plugins.firebase.messaging.FlutterFirebaseMessagingService"
215-->[:firebase_messaging] AndroidManifest.xml:21:13-97
216            android:exported="false" >
216-->[:firebase_messaging] AndroidManifest.xml:22:13-37
217            <intent-filter>
217-->[:firebase_messaging] AndroidManifest.xml:23:13-25:29
218                <action android:name="com.google.firebase.MESSAGING_EVENT" />
218-->[:firebase_messaging] AndroidManifest.xml:24:17-78
218-->[:firebase_messaging] AndroidManifest.xml:24:25-75
219            </intent-filter>
220        </service>
221
222        <receiver
222-->[:firebase_messaging] AndroidManifest.xml:28:9-35:20
223            android:name="io.flutter.plugins.firebase.messaging.FlutterFirebaseMessagingReceiver"
223-->[:firebase_messaging] AndroidManifest.xml:29:13-98
224            android:exported="true"
224-->[:firebase_messaging] AndroidManifest.xml:30:13-36
225            android:permission="com.google.android.c2dm.permission.SEND" >
225-->[:firebase_messaging] AndroidManifest.xml:31:13-73
226            <intent-filter>
226-->[:firebase_messaging] AndroidManifest.xml:32:13-34:29
227                <action android:name="com.google.android.c2dm.intent.RECEIVE" />
227-->[:firebase_messaging] AndroidManifest.xml:33:17-81
227-->[:firebase_messaging] AndroidManifest.xml:33:25-78
228            </intent-filter>
229        </receiver>
230
231        <provider
231-->[:firebase_messaging] AndroidManifest.xml:43:9-47:38
232            android:name="io.flutter.plugins.firebase.messaging.FlutterFirebaseMessagingInitProvider"
232-->[:firebase_messaging] AndroidManifest.xml:44:13-102
233            android:authorities="com.wixifynew.app.flutterfirebasemessaginginitprovider"
233-->[:firebase_messaging] AndroidManifest.xml:45:13-88
234            android:exported="false"
234-->[:firebase_messaging] AndroidManifest.xml:46:13-37
235            android:initOrder="99" />
235-->[:firebase_messaging] AndroidManifest.xml:47:13-35
236
237        <activity
237-->[:url_launcher_android] AndroidManifest.xml:10:9-13:74
238            android:name="io.flutter.plugins.urllauncher.WebViewActivity"
238-->[:url_launcher_android] AndroidManifest.xml:11:13-74
239            android:exported="false"
239-->[:url_launcher_android] AndroidManifest.xml:12:13-37
240            android:theme="@android:style/Theme.NoTitleBar.Fullscreen" />
240-->[:url_launcher_android] AndroidManifest.xml:13:13-71
241        <activity
241-->[:flutter_inappwebview] AndroidManifest.xml:16:9-20:47
242            android:name="com.pichillilorenzo.flutter_inappwebview.in_app_browser.InAppBrowserActivity"
242-->[:flutter_inappwebview] AndroidManifest.xml:17:13-104
243            android:configChanges="orientation|keyboardHidden|keyboard|screenSize|locale|layoutDirection|fontScale|screenLayout|density"
243-->[:flutter_inappwebview] AndroidManifest.xml:18:13-137
244            android:exported="false"
244-->[:flutter_inappwebview] AndroidManifest.xml:19:13-37
245            android:theme="@style/AppTheme" />
245-->[:flutter_inappwebview] AndroidManifest.xml:20:13-44
246        <activity
246-->[:flutter_inappwebview] AndroidManifest.xml:21:9-24:55
247            android:name="com.pichillilorenzo.flutter_inappwebview.chrome_custom_tabs.ChromeCustomTabsActivity"
247-->[:flutter_inappwebview] AndroidManifest.xml:22:13-112
248            android:exported="false"
248-->[:flutter_inappwebview] AndroidManifest.xml:23:13-37
249            android:theme="@style/ThemeTransparent" />
249-->[:flutter_inappwebview] AndroidManifest.xml:24:13-52
250        <activity
250-->[:flutter_inappwebview] AndroidManifest.xml:25:9-28:55
251            android:name="com.pichillilorenzo.flutter_inappwebview.chrome_custom_tabs.TrustedWebActivity"
251-->[:flutter_inappwebview] AndroidManifest.xml:26:13-106
252            android:exported="false"
252-->[:flutter_inappwebview] AndroidManifest.xml:27:13-37
253            android:theme="@style/ThemeTransparent" />
253-->[:flutter_inappwebview] AndroidManifest.xml:28:13-52
254        <activity
254-->[:flutter_inappwebview] AndroidManifest.xml:29:9-33:55
255            android:name="com.pichillilorenzo.flutter_inappwebview.chrome_custom_tabs.ChromeCustomTabsActivitySingleInstance"
255-->[:flutter_inappwebview] AndroidManifest.xml:30:13-126
256            android:exported="false"
256-->[:flutter_inappwebview] AndroidManifest.xml:31:13-37
257            android:launchMode="singleInstance"
257-->[:flutter_inappwebview] AndroidManifest.xml:32:13-48
258            android:theme="@style/ThemeTransparent" />
258-->[:flutter_inappwebview] AndroidManifest.xml:33:13-52
259        <activity
259-->[:flutter_inappwebview] AndroidManifest.xml:34:9-38:55